<?xml version="1.0" encoding="UTF-8"?>
<testng-results skipped="0" failed="1" ignored="0" total="2" passed="1">
  <reporter-output>
  </reporter-output>
  <suite name="Default suite" duration-ms="37728" started-at="2019-05-17T12:58:28Z" finished-at="2019-05-17T12:59:06Z">
    <groups>
    </groups>
    <test name="Default test" duration-ms="37728" started-at="2019-05-17T12:58:28Z" finished-at="2019-05-17T12:59:06Z">
      <class name="com.crmapp.companies.testcases.CompaniesDetailsTestCase">
        <test-method status="PASS" signature="setUp()[pri:0, instance:com.crmapp.companies.testcases.CompaniesDetailsTestCase@e26948]" name="setUp" is-config="true" duration-ms="21966" started-at="2019-05-17T12:58:28Z" finished-at="2019-05-17T12:58:50Z">
          <reporter-output>
          </reporter-output>
        </test-method> <!-- setUp -->
        <test-method status="PASS" signature="companiesPageTest(java.lang.String, java.lang.String, java.lang.String, java.lang.String)[pri:0, instance:com.crmapp.companies.testcases.CompaniesDetailsTestCase@e26948]" name="companiesPageTest" duration-ms="4291" started-at="2019-05-17T12:58:50Z" data-provider="companiesPageTestdata" finished-at="2019-05-17T12:58:55Z">
          <params>
            <param index="0">
              <value>
                <![CDATA[TTSL]]>
              </value>
            </param>
            <param index="1">
              <value>
                <![CDATA[Hot]]>
              </value>
            </param>
            <param index="2">
              <value>
                <![CDATA[Partner]]>
              </value>
            </param>
            <param index="3">
              <value>
                <![CDATA[9789679298]]>
              </value>
            </param>
          </params>
          <reporter-output>
          </reporter-output>
        </test-method> <!-- companiesPageTest -->
        <test-method status="PASS" signature="tearDown(org.testng.ITestResult)[pri:0, instance:com.crmapp.companies.testcases.CompaniesDetailsTestCase@e26948]" name="tearDown" is-config="true" duration-ms="495" started-at="2019-05-17T12:58:55Z" finished-at="2019-05-17T12:58:55Z">
          <params>
            <param index="0">
              <value>
                <![CDATA[[TestResult name=companiesPageTest status=SUCCESS method=CompaniesDetailsTestCase.companiesPageTest(java.lang.String, java.lang.String, java.lang.String, java.lang.String)[pri:0, instance:com.crmapp.companies.testcases.CompaniesDetailsTestCase@e26948] output={null}]]]>
              </value>
            </param>
          </params>
          <reporter-output>
          </reporter-output>
        </test-method> <!-- tearDown -->
        <test-method status="FAIL" signature="companiesPageTest(java.lang.String, java.lang.String, java.lang.String, java.lang.String)[pri:0, instance:com.crmapp.companies.testcases.CompaniesDetailsTestCase@e26948]" name="companiesPageTest" duration-ms="10357" started-at="2019-05-17T12:58:55Z" data-provider="companiesPageTestdata" finished-at="2019-05-17T12:59:06Z">
          <params>
            <param index="0">
              <value>
                <![CDATA[SQS]]>
              </value>
            </param>
            <param index="1">
              <value>
                <![CDATA[Active]]>
              </value>
            </param>
            <param index="2">
              <value>
                <![CDATA[Client]]>
              </value>
            </param>
            <param index="3">
              <value>
                <![CDATA[9789679299]]>
              </value>
            </param>
          </params>
          <exception class="org.openqa.selenium.NoSuchElementException">
            <message>
              <![CDATA[no such element: Unable to locate element: {"method":"xpath","selector":".//*[@id='company_name']"}
  (Session info: chrome=74.0.3729.157)
  (Driver info: chromedriver=2.36.540470 (e522d04694c7ebea4ba8821272dbef4f9b818c91),platform=Windows NT 6.1.7600 x86) (WARNING: The server did not provide any stacktrace information)
Command duration or timeout: 0 milliseconds
For documentation on this error, please visit: http://seleniumhq.org/exceptions/no_such_element.html
Build info: version: '3.14.0', revision: 'aacccce0', time: '2018-08-02T20:19:58.91Z'
System info: host: 'VELMURUGAN-PC', ip: '192.168.43.65', os.name: 'Windows 7', os.arch: 'x86', os.version: '6.1', java.version: '1.8.0_151'
Driver info: org.openqa.selenium.chrome.ChromeDriver
Capabilities {acceptInsecureCerts: false, acceptSslCerts: false, applicationCacheEnabled: false, browserConnectionEnabled: false, browserName: chrome, chrome: {chromedriverVersion: 2.36.540470 (e522d04694c7eb..., userDataDir: C:\Users\VELMUR~1\AppData\L...}, cssSelectorsEnabled: true, databaseEnabled: false, handlesAlerts: true, hasTouchScreen: false, javascriptEnabled: true, locationContextEnabled: true, mobileEmulationEnabled: false, nativeEvents: true, networkConnectionEnabled: false, pageLoadStrategy: normal, platform: XP, platformName: XP, rotatable: false, setWindowRect: true, takesHeapSnapshot: true, takesScreenshot: true, unexpectedAlertBehaviour: , unhandledPromptBehavior: , version: 74.0.3729.157, webStorageEnabled: true}
Session ID: 082cbd254d38819fd653ab9f53657a64
*** Element info: {Using=xpath, value=.//*[@id='company_name']}]]>
            </message>
            <full-stacktrace>
              <![CDATA[org.openqa.selenium.NoSuchElementException: no such element: Unable to locate element: {"method":"xpath","selector":".//*[@id='company_name']"}
  (Session info: chrome=74.0.3729.157)
  (Driver info: chromedriver=2.36.540470 (e522d04694c7ebea4ba8821272dbef4f9b818c91),platform=Windows NT 6.1.7600 x86) (WARNING: The server did not provide any stacktrace information)
Command duration or timeout: 0 milliseconds
For documentation on this error, please visit: http://seleniumhq.org/exceptions/no_such_element.html
Build info: version: '3.14.0', revision: 'aacccce0', time: '2018-08-02T20:19:58.91Z'
System info: host: 'VELMURUGAN-PC', ip: '192.168.43.65', os.name: 'Windows 7', os.arch: 'x86', os.version: '6.1', java.version: '1.8.0_151'
Driver info: org.openqa.selenium.chrome.ChromeDriver
Capabilities {acceptInsecureCerts: false, acceptSslCerts: false, applicationCacheEnabled: false, browserConnectionEnabled: false, browserName: chrome, chrome: {chromedriverVersion: 2.36.540470 (e522d04694c7eb..., userDataDir: C:\Users\VELMUR~1\AppData\L...}, cssSelectorsEnabled: true, databaseEnabled: false, handlesAlerts: true, hasTouchScreen: false, javascriptEnabled: true, locationContextEnabled: true, mobileEmulationEnabled: false, nativeEvents: true, networkConnectionEnabled: false, pageLoadStrategy: normal, platform: XP, platformName: XP, rotatable: false, setWindowRect: true, takesHeapSnapshot: true, takesScreenshot: true, unexpectedAlertBehaviour: , unhandledPromptBehavior: , version: 74.0.3729.157, webStorageEnabled: true}
Session ID: 082cbd254d38819fd653ab9f53657a64
*** Element info: {Using=xpath, value=.//*[@id='company_name']}
at sun.reflect.NativeConstructorAccessorImpl.newInstance0(Native Method)
at sun.reflect.NativeConstructorAccessorImpl.newInstance(NativeConstructorAccessorImpl.java:62)
at sun.reflect.DelegatingConstructorAccessorImpl.newInstance(DelegatingConstructorAccessorImpl.java:45)
at java.lang.reflect.Constructor.newInstance(Constructor.java:423)
at org.openqa.selenium.remote.ErrorHandler.createThrowable(ErrorHandler.java:214)
at org.openqa.selenium.remote.ErrorHandler.throwIfResponseFailed(ErrorHandler.java:166)
at org.openqa.selenium.remote.http.JsonHttpResponseCodec.reconstructValue(JsonHttpResponseCodec.java:40)
at org.openqa.selenium.remote.http.AbstractHttpResponseCodec.decode(AbstractHttpResponseCodec.java:80)
at org.openqa.selenium.remote.http.AbstractHttpResponseCodec.decode(AbstractHttpResponseCodec.java:44)
at org.openqa.selenium.remote.HttpCommandExecutor.execute(HttpCommandExecutor.java:158)
at org.openqa.selenium.remote.service.DriverCommandExecutor.execute(DriverCommandExecutor.java:83)
at org.openqa.selenium.remote.RemoteWebDriver.execute(RemoteWebDriver.java:548)
at org.openqa.selenium.remote.RemoteWebDriver.findElement(RemoteWebDriver.java:322)
at org.openqa.selenium.remote.RemoteWebDriver.findElementByXPath(RemoteWebDriver.java:424)
at org.openqa.selenium.By$ByXPath.findElement(By.java:353)
at org.openqa.selenium.remote.RemoteWebDriver.findElement(RemoteWebDriver.java:314)
at com.vmetry.crmapp.initializer.Initializer.getElement(Initializer.java:103)
at com.vmetry.crmapp.pages.CompaniesDetailsPages.enterCompanyName(CompaniesDetailsPages.java:38)
at com.crmapp.companies.testcases.CompaniesDetailsTestCase.companiesPageTest(CompaniesDetailsTestCase.java:42)
at sun.reflect.NativeMethodAccessorImpl.invoke0(Native Method)
at sun.reflect.NativeMethodAccessorImpl.invoke(NativeMethodAccessorImpl.java:62)
at sun.reflect.DelegatingMethodAccessorImpl.invoke(DelegatingMethodAccessorImpl.java:43)
at java.lang.reflect.Method.invoke(Method.java:498)
at org.testng.internal.MethodInvocationHelper.invokeMethod(MethodInvocationHelper.java:124)
at org.testng.internal.Invoker.invokeMethod(Invoker.java:580)
at org.testng.internal.Invoker.invokeTestMethod(Invoker.java:716)
at org.testng.internal.Invoker.invokeTestMethods(Invoker.java:988)
at org.testng.internal.TestMethodWorker.invokeTestMethods(TestMethodWorker.java:125)
at org.testng.internal.TestMethodWorker.run(TestMethodWorker.java:109)
at org.testng.TestRunner.privateRun(TestRunner.java:648)
at org.testng.TestRunner.run(TestRunner.java:505)
at org.testng.SuiteRunner.runTest(SuiteRunner.java:455)
at org.testng.SuiteRunner.runSequentially(SuiteRunner.java:450)
at org.testng.SuiteRunner.privateRun(SuiteRunner.java:415)
at org.testng.SuiteRunner.run(SuiteRunner.java:364)
at org.testng.SuiteRunnerWorker.runSuite(SuiteRunnerWorker.java:52)
at org.testng.SuiteRunnerWorker.run(SuiteRunnerWorker.java:84)
at org.testng.TestNG.runSuitesSequentially(TestNG.java:1208)
at org.testng.TestNG.runSuitesLocally(TestNG.java:1137)
at org.testng.TestNG.runSuites(TestNG.java:1049)
at org.testng.TestNG.run(TestNG.java:1017)
at org.testng.remote.AbstractRemoteTestNG.run(AbstractRemoteTestNG.java:114)
at org.testng.remote.RemoteTestNG.initAndRun(RemoteTestNG.java:251)
at org.testng.remote.RemoteTestNG.main(RemoteTestNG.java:77)
]]>
            </full-stacktrace>
          </exception> <!-- org.openqa.selenium.NoSuchElementException -->
          <reporter-output>
          </reporter-output>
        </test-method> <!-- companiesPageTest -->
        <test-method status="PASS" signature="tearDown(org.testng.ITestResult)[pri:0, instance:com.crmapp.companies.testcases.CompaniesDetailsTestCase@e26948]" name="tearDown" is-config="true" duration-ms="548" started-at="2019-05-17T12:59:06Z" finished-at="2019-05-17T12:59:06Z">
          <params>
            <param index="0">
              <value>
                <![CDATA[[TestResult name=companiesPageTest status=FAILURE method=CompaniesDetailsTestCase.companiesPageTest(java.lang.String, java.lang.String, java.lang.String, java.lang.String)[pri:0, instance:com.crmapp.companies.testcases.CompaniesDetailsTestCase@e26948] output={null}]]]>
              </value>
            </param>
          </params>
          <reporter-output>
          </reporter-output>
        </test-method> <!-- tearDown -->
      </class> <!-- com.crmapp.companies.testcases.CompaniesDetailsTestCase -->
    </test> <!-- Default test -->
  </suite> <!-- Default suite -->
</testng-results>
